a:\graduateschool\final project\comdrawerrepo\.vs\comdrawerrepo\v16\comdrawer\comdrawer\x64\debug\moc_comdrawer.obj
a:\graduateschool\final project\comdrawerrepo\.vs\comdrawerrepo\v16\comdrawer\comdrawer\x64\debug\moc_canvasview.obj
a:\graduateschool\final project\comdrawerrepo\.vs\comdrawerrepo\v16\comdrawer\comdrawer\x64\debug\qrc_comdrawer.obj
a:\graduateschool\final project\comdrawerrepo\.vs\comdrawerrepo\v16\comdrawer\comdrawer\x64\debug\main.obj
a:\graduateschool\final project\comdrawerrepo\.vs\comdrawerrepo\v16\comdrawer\comdrawer\x64\debug\comdrawer.obj
a:\graduateschool\final project\comdrawerrepo\.vs\comdrawerrepo\v16\comdrawer\comdrawer\x64\debug\canvasview.obj
a:\graduateschool\final project\comdrawerrepo\.vs\comdrawerrepo\v16\comdrawer\comdrawer\x64\debug\vc142.pdb
a:\graduateschool\final project\comdrawerrepo\.vs\comdrawerrepo\v16\comdrawer\comdrawer\x64\debug\uic\ui_comdrawer.h
a:\graduateschool\final project\comdrawerrepo\.vs\comdrawerrepo\v16\comdrawer\comdrawer\x64\debug\rcc\qrc_comdrawer.cpp
a:\graduateschool\final project\comdrawerrepo\.vs\comdrawerrepo\v16\comdrawer\comdrawer\x64\debug\moc\moc_comdrawer.cpp
a:\graduateschool\final project\comdrawerrepo\.vs\comdrawerrepo\v16\comdrawer\comdrawer\x64\debug\moc\moc_canvasview.cpp
a:\graduateschool\final project\comdrawerrepo\.vs\comdrawerrepo\v16\comdrawer\x64\debug\comdrawer.exe
a:\graduateschool\final project\comdrawerrepo\.vs\comdrawerrepo\v16\comdrawer\x64\debug\comdrawer.ilk
a:\graduateschool\final project\comdrawerrepo\.vs\comdrawerrepo\v16\comdrawer\x64\debug\comdrawer.pdb
a:\graduateschool\final project\comdrawerrepo\.vs\comdrawerrepo\v16\comdrawer\comdrawer\x64\debug\comdrawer.tlog\cl.14808.write.1.tlog
a:\graduateschool\final project\comdrawerrepo\.vs\comdrawerrepo\v16\comdrawer\comdrawer\x64\debug\comdrawer.tlog\cl.command.1.tlog
a:\graduateschool\final project\comdrawerrepo\.vs\comdrawerrepo\v16\comdrawer\comdrawer\x64\debug\comdrawer.tlog\cl.read.1.tlog
a:\graduateschool\final project\comdrawerrepo\.vs\comdrawerrepo\v16\comdrawer\comdrawer\x64\debug\comdrawer.tlog\comdrawer.write.1u.tlog
a:\graduateschool\final project\comdrawerrepo\.vs\comdrawerrepo\v16\comdrawer\comdrawer\x64\debug\comdrawer.tlog\link.command.1.tlog
a:\graduateschool\final project\comdrawerrepo\.vs\comdrawerrepo\v16\comdrawer\comdrawer\x64\debug\comdrawer.tlog\link.read.1.tlog
a:\graduateschool\final project\comdrawerrepo\.vs\comdrawerrepo\v16\comdrawer\comdrawer\x64\debug\comdrawer.tlog\link.write.1.tlog
a:\graduateschool\final project\comdrawerrepo\.vs\comdrawerrepo\v16\comdrawer\comdrawer\x64\debug\comdrawer.tlog\moc.read.1u.tlog
a:\graduateschool\final project\comdrawerrepo\.vs\comdrawerrepo\v16\comdrawer\comdrawer\x64\debug\comdrawer.tlog\moc.write.1u.tlog
a:\graduateschool\final project\comdrawerrepo\.vs\comdrawerrepo\v16\comdrawer\comdrawer\x64\debug\comdrawer.tlog\rcc.read.1u.tlog
a:\graduateschool\final project\comdrawerrepo\.vs\comdrawerrepo\v16\comdrawer\comdrawer\x64\debug\comdrawer.tlog\rcc.write.1u.tlog
a:\graduateschool\final project\comdrawerrepo\.vs\comdrawerrepo\v16\comdrawer\comdrawer\x64\debug\comdrawer.tlog\uic.read.1u.tlog
a:\graduateschool\final project\comdrawerrepo\.vs\comdrawerrepo\v16\comdrawer\comdrawer\x64\debug\comdrawer.tlog\uic.write.1u.tlog
